[debug] [2024-04-30T17:21:15.982Z] ----------------------------------------------------------------------
[debug] [2024-04-30T17:21:15.985Z] Command:       C:\Program Files\nodejs\node.exe C:\Users\Alex\AppData\Roaming\npm\node_modules\firebase-tools\lib\bin\firebase.js init
[debug] [2024-04-30T17:21:15.986Z] CLI Version:   13.7.5
[debug] [2024-04-30T17:21:15.986Z] Platform:      win32
[debug] [2024-04-30T17:21:15.986Z] Node Version:  v20.10.0
[debug] [2024-04-30T17:21:15.986Z] Time:          Tue Apr 30 2024 12:21:15 GMT-0500 (hora estándar de Perú)
[debug] [2024-04-30T17:21:15.986Z] ----------------------------------------------------------------------
[debug] 
[debug] [2024-04-30T17:21:16.060Z] > command requires scopes: ["email","openid","https://www.googleapis.com/auth/cloudplatformprojects.readonly","https://www.googleapis.com/auth/firebase","https://www.googleapis.com/auth/cloud-platform"]
[debug] [2024-04-30T17:21:16.061Z] > authorizing via signed-in user (hgjgkyuyuyuyu@gmail.com)
[info] 
     ######## #### ########  ######## ########     ###     ######  ########
     ##        ##  ##     ## ##       ##     ##  ##   ##  ##       ##
     ######    ##  ########  ######   ########  #########  ######  ######
     ##        ##  ##    ##  ##       ##     ## ##     ##       ## ##
     ##       #### ##     ## ######## ########  ##     ##  ######  ########

You're about to initialize a Firebase project in this directory:

  C:\OpenSource\turisteando

Before we get started, keep in mind:

  * You are currently outside your home directory
  * You are initializing within an existing Firebase project directory

[info] 
=== Project Setup
[info] 
[info] First, let's associate this project directory with a Firebase project.
[info] You can create multiple project aliases by running firebase use --add, 
[info] but for now we'll just set up a default project.
[info] 
[debug] [2024-04-30T17:21:25.307Z] Using project from CLI flag: turisteando-f2
[debug] [2024-04-30T17:21:25.310Z] >>> [apiv2][query] GET https://firebase.googleapis.com/v1beta1/projects/turisteando-f2 [none]
[debug] [2024-04-30T17:21:25.818Z] <<< [apiv2][status] GET https://firebase.googleapis.com/v1beta1/projects/turisteando-f2 200
[debug] [2024-04-30T17:21:25.818Z] <<< [apiv2][body] GET https://firebase.googleapis.com/v1beta1/projects/turisteando-f2 {"projectId":"turisteando-f2","projectNumber":"334690952572","displayName":"Turisteando-f2","name":"projects/turisteando-f2","resources":{"hostingSite":"turisteando-f2"},"state":"ACTIVE","etag":"1_200d4cb1-8ca3-458e-8501-f99973ef98bb"}
[info] i  Using project turisteando-f2 (Turisteando-f2) 
[info] 
=== Hosting Setup
[debug] [2024-04-30T17:21:25.826Z] >>> [apiv2][query] GET https://firebase.googleapis.com/v1beta1/projects/turisteando-f2 [none]
[debug] [2024-04-30T17:21:26.131Z] <<< [apiv2][status] GET https://firebase.googleapis.com/v1beta1/projects/turisteando-f2 200
[debug] [2024-04-30T17:21:26.131Z] <<< [apiv2][body] GET https://firebase.googleapis.com/v1beta1/projects/turisteando-f2 {"projectId":"turisteando-f2","projectNumber":"334690952572","displayName":"Turisteando-f2","name":"projects/turisteando-f2","resources":{"hostingSite":"turisteando-f2"},"state":"ACTIVE","etag":"1_200d4cb1-8ca3-458e-8501-f99973ef98bb"}
[info] 
[info] Your public directory is the folder (relative to your project directory) that
[info] will contain Hosting assets to be uploaded with firebase deploy. If you
[info] have a build process for your assets, use your build's output directory.
[info] 
[debug] [2024-04-30T17:21:31.564Z] >>> [apiv2][query] GET https://www.gstatic.com/firebasejs/releases.json [none]
[debug] [2024-04-30T17:21:31.695Z] <<< [apiv2][status] GET https://www.gstatic.com/firebasejs/releases.json 200
[debug] [2024-04-30T17:21:31.695Z] <<< [apiv2][body] GET https://www.gstatic.com/firebasejs/releases.json {"current":{"version":"10.11.1","browserURL":"https://www.gstatic.com/firebasejs/10.11.1/firebase.js","packageURL":"https://www.gstatic.com/firebasejs/10.11.1/firebase.tgz"},"live":{"version":"10.11","browserURL":"https://www.gstatic.com/firebasejs/live/10.11/firebase.js","packageURL":"https://www.gstatic.com/firebasejs/live/10.11/firebase.tgz"},"components":{"analytics":"https://www.gstatic.com/firebasejs/10.11.1/firebase-analytics.js","app":"https://www.gstatic.com/firebasejs/10.11.1/firebase-app.js","app-check":"https://www.gstatic.com/firebasejs/10.11.1/firebase-app-check.js","auth":"https://www.gstatic.com/firebasejs/10.11.1/firebase-auth.js","auth/cordova":"https://www.gstatic.com/firebasejs/10.11.1/firebase-auth/cordova.js","auth/web-extension":"https://www.gstatic.com/firebasejs/10.11.1/firebase-auth/web-extension.js","functions":"https://www.gstatic.com/firebasejs/10.11.1/firebase-functions.js","firestore":"https://www.gstatic.com/firebasejs/10.11.1/firebase-firestore.js","firestore/lite":"https://www.gstatic.com/firebasejs/10.11.1/firebase-firestore/lite.js","installations":"https://www.gstatic.com/firebasejs/10.11.1/firebase-installations.js","storage":"https://www.gstatic.com/firebasejs/10.11.1/firebase-storage.js","performance":"https://www.gstatic.com/firebasejs/10.11.1/firebase-performance.js","remote-config":"https://www.gstatic.com/firebasejs/10.11.1/firebase-remote-config.js","messaging":"https://www.gstatic.com/firebasejs/10.11.1/firebase-messaging.js","messaging/sw":"https://www.gstatic.com/firebasejs/10.11.1/firebase-messaging/sw.js","database":"https://www.gstatic.com/firebasejs/10.11.1/firebase-database.js","firestore.memory":"https://www.gstatic.com/firebasejs/10.11.1/firebase-firestore.memory.js"}}
[debug] [2024-04-30T17:21:31.697Z] Error: Path contains invalid characters: C:\OpenSource\turisteando\https:\github.com\AlexlmL\turisteando
    at checkPath (C:\Users\Alex\AppData\Roaming\npm\node_modules\firebase-tools\node_modules\fs-extra\lib\mkdirs\utils.js:16:21)
    at module.exports.makeDirSync (C:\Users\Alex\AppData\Roaming\npm\node_modules\firebase-tools\node_modules\fs-extra\lib\mkdirs\make-dir.js:21:3)
    at Object.createFileSync (C:\Users\Alex\AppData\Roaming\npm\node_modules\firebase-tools\node_modules\fs-extra\lib\ensure\file.js:59:45)
    at Config.writeProjectFile (C:\Users\Alex\AppData\Roaming\npm\node_modules\firebase-tools\lib\config.js:154:12)
    at C:\Users\Alex\AppData\Roaming\npm\node_modules\firebase-tools\lib\config.js:178:22
    at process.processTicksAndRejections (node:internal/process/task_queues:95:5)
    at async doSetup (C:\Users\Alex\AppData\Roaming\npm\node_modules\firebase-tools\lib\init\features\hosting\index.js:177:9)
    at async init (C:\Users\Alex\AppData\Roaming\npm\node_modules\firebase-tools\lib\init\index.js:37:9)
[error] 
[error] Error: An unexpected error has occurred.
